<?xml version="1.0" encoding="UTF-8"?>
<testsuites>
  <testsuite name="fastlane.lanes">
    
    
    
      
      <testcase classname="fastlane.lanes" name="0: Verifying fastlane version" time="0.009784">
        
      </testcase>
    
      
      <testcase classname="fastlane.lanes" name="1: default_platform" time="0.003989">
        
      </testcase>
    
      
      <testcase classname="fastlane.lanes" name="2: build_android_app" time="7.962897">
        
          <failure message="/Users/rashadcureton/.fastlane/bin/bundle/lib/ruby/gems/2.2.0/gems/fastlane-2.101.1/fastlane/lib/fastlane/actions/actions_helper.rb:48:in `execute_action'&#10;/Users/rashadcureton/.fastlane/bin/bundle/lib/ruby/gems/2.2.0/gems/fastlane-2.101.1/fastlane/lib/fastlane/runner.rb:232:in `block in execute_action'&#10;/Users/rashadcureton/.fastlane/bin/bundle/lib/ruby/gems/2.2.0/gems/fastlane-2.101.1/fastlane/lib/fastlane/runner.rb:227:in `chdir'&#10;/Users/rashadcureton/.fastlane/bin/bundle/lib/ruby/gems/2.2.0/gems/fastlane-2.101.1/fastlane/lib/fastlane/runner.rb:227:in `execute_action'&#10;/Users/rashadcureton/.fastlane/bin/bundle/lib/ruby/gems/2.2.0/gems/fastlane-2.101.1/fastlane/lib/fastlane/runner.rb:157:in `trigger_action_by_name'&#10;/Users/rashadcureton/.fastlane/bin/bundle/lib/ruby/gems/2.2.0/gems/fastlane-2.101.1/fastlane/lib/fastlane/fast_file.rb:149:in `method_missing'&#10;Fastfile:18:in `block in parsing_binding'&#10;/Users/rashadcureton/.fastlane/bin/bundle/lib/ruby/gems/2.2.0/gems/fastlane-2.101.1/fastlane/lib/fastlane/lane.rb:33:in `call'&#10;/Users/rashadcureton/.fastlane/bin/bundle/lib/ruby/gems/2.2.0/gems/fastlane-2.101.1/fastlane/lib/fastlane/lane.rb:33:in `call'&#10;/Users/rashadcureton/.fastlane/bin/bundle/lib/ruby/gems/2.2.0/gems/fastlane-2.101.1/fastlane/lib/fastlane/runner.rb:49:in `block in execute'&#10;/Users/rashadcureton/.fastlane/bin/bundle/lib/ruby/gems/2.2.0/gems/fastlane-2.101.1/fastlane/lib/fastlane/runner.rb:45:in `chdir'&#10;/Users/rashadcureton/.fastlane/bin/bundle/lib/ruby/gems/2.2.0/gems/fastlane-2.101.1/fastlane/lib/fastlane/runner.rb:45:in `execute'&#10;/Users/rashadcureton/.fastlane/bin/bundle/lib/ruby/gems/2.2.0/gems/fastlane-2.101.1/fastlane/lib/fastlane/lane_manager.rb:56:in `cruise_lane'&#10;/Users/rashadcureton/.fastlane/bin/bundle/lib/ruby/gems/2.2.0/gems/fastlane-2.101.1/fastlane/lib/fastlane/command_line_handler.rb:36:in `handle'&#10;/Users/rashadcureton/.fastlane/bin/bundle/lib/ruby/gems/2.2.0/gems/fastlane-2.101.1/fastlane/lib/fastlane/commands_generator.rb:108:in `block (2 levels) in run'&#10;/Users/rashadcureton/.fastlane/bin/bundle/lib/ruby/gems/2.2.0/gems/commander-fastlane-4.4.6/lib/commander/command.rb:178:in `call'&#10;/Users/rashadcureton/.fastlane/bin/bundle/lib/ruby/gems/2.2.0/gems/commander-fastlane-4.4.6/lib/commander/command.rb:178:in `call'&#10;/Users/rashadcureton/.fastlane/bin/bundle/lib/ruby/gems/2.2.0/gems/commander-fastlane-4.4.6/lib/commander/command.rb:153:in `run'&#10;/Users/rashadcureton/.fastlane/bin/bundle/lib/ruby/gems/2.2.0/gems/commander-fastlane-4.4.6/lib/commander/runner.rb:476:in `run_active_command'&#10;/Users/rashadcureton/.fastlane/bin/bundle/lib/ruby/gems/2.2.0/gems/fastlane-2.101.1/fastlane_core/lib/fastlane_core/ui/fastlane_runner.rb:74:in `run!'&#10;/Users/rashadcureton/.fastlane/bin/bundle/lib/ruby/gems/2.2.0/gems/commander-fastlane-4.4.6/lib/commander/delegates.rb:15:in `run!'&#10;/Users/rashadcureton/.fastlane/bin/bundle/lib/ruby/gems/2.2.0/gems/fastlane-2.101.1/fastlane/lib/fastlane/commands_generator.rb:333:in `run'&#10;/Users/rashadcureton/.fastlane/bin/bundle/lib/ruby/gems/2.2.0/gems/fastlane-2.101.1/fastlane/lib/fastlane/commands_generator.rb:41:in `start'&#10;/Users/rashadcureton/.fastlane/bin/bundle/lib/ruby/gems/2.2.0/gems/fastlane-2.101.1/fastlane/lib/fastlane/cli_tools_distributor.rb:108:in `take_off'&#10;/Users/rashadcureton/.fastlane/bin/bundle/lib/ruby/gems/2.2.0/gems/fastlane-2.101.1/bin/fastlane:20:in `&lt;top (required)&gt;'&#10;/Users/rashadcureton/.fastlane/bin/bundle/bin/fastlane:22:in `load'&#10;/Users/rashadcureton/.fastlane/bin/bundle/bin/fastlane:22:in `&lt;main&gt;'&#10;&#10;Exit status of command '/Users/rashadcureton/Documents/android/gradlew assembleRelease -p .' was 1 instead of 0.&#10;Starting a Gradle Daemon, 2 stopped Daemons could not be reused, use --status for details&#10;&#10;FAILURE: Build failed with an exception.&#10;&#10;* What went wrong:&#10;A problem occurred configuring project ':app'.&#10;&gt; java.lang.NullPointerException (no error message)&#10;&#10;* Try:&#10;Run with --stacktrace option to get the stack trace. Run with --info or --debug option to get more log output. Run with --scan to get full insights.&#10;&#10;* Get more help at https://help.gradle.org&#10;&#10;BUILD FAILED in 7s&#10;" />
        
      </testcase>
    
  </testsuite>
</testsuites>
